
> storybook@0.1.0 build-storybook /Users/connorlittleton/personal/cwl-ui/apps/storybook
> storybook build "--output-dir" "/var/folders/zg/pdn0zdy10_5c9spm9v2cxhxw0000gp/T/chromatic--2652-J41XgJtfoQx9"

@storybook/cli v7.6.6

info => Cleaning outputDir: /var/folders/zg/pdn0zdy10_5c9spm9v2cxhxw0000gp/T/chromatic--2652-J41XgJtfoQx9
info => Loading presets
info => Building manager..
info => Manager built (95 ms)
info => Building preview..
info => Copying static files: /Users/connorlittleton/personal/cwl-ui/node_modules/@storybook/manager/static at /var/folders/zg/pdn0zdy10_5c9spm9v2cxhxw0000gp/T/chromatic--2652-J41XgJtfoQx9/sb-common-assets
vite v4.5.1 building for production...
transforming...
✓ 2457 modules transformed.
rendering chunks...
computing gzip size...
../../../../../../var/folders/zg/pdn0zdy10_5c9spm9v2cxhxw0000gp/T/chromatic--2652-J41XgJtfoQx9/iframe.html                                     12.57 kB │ gzip:   3.57 kB
../../../../../../var/folders/zg/pdn0zdy10_5c9spm9v2cxhxw0000gp/T/chromatic--2652-J41XgJtfoQx9/assets/preview-60af3bb6.css                     22.21 kB │ gzip:   5.15 kB
../../../../../../var/folders/zg/pdn0zdy10_5c9spm9v2cxhxw0000gp/T/chromatic--2652-J41XgJtfoQx9/assets/preview-4e24e920.js                       0.05 kB │ gzip:   0.07 kB
../../../../../../var/folders/zg/pdn0zdy10_5c9spm9v2cxhxw0000gp/T/chromatic--2652-J41XgJtfoQx9/assets/preview-0b293f2a.js                       0.06 kB │ gzip:   0.08 kB
../../../../../../var/folders/zg/pdn0zdy10_5c9spm9v2cxhxw0000gp/T/chromatic--2652-J41XgJtfoQx9/assets/cva.config-9c4ae343.js                    0.15 kB │ gzip:   0.15 kB
../../../../../../var/folders/zg/pdn0zdy10_5c9spm9v2cxhxw0000gp/T/chromatic--2652-J41XgJtfoQx9/assets/WithTooltip-V3YHNWJZ-f9caab2c.js          0.42 kB │ gzip:   0.26 kB
../../../../../../var/folders/zg/pdn0zdy10_5c9spm9v2cxhxw0000gp/T/chromatic--2652-J41XgJtfoQx9/assets/syntaxhighlighter-V7JZZA35-14e0951f.js    0.43 kB │ gzip:   0.28 kB
../../../../../../var/folders/zg/pdn0zdy10_5c9spm9v2cxhxw0000gp/T/chromatic--2652-J41XgJtfoQx9/assets/preview-e28d6f0c.js                       0.49 kB │ gzip:   0.32 kB
../../../../../../var/folders/zg/pdn0zdy10_5c9spm9v2cxhxw0000gp/T/chromatic--2652-J41XgJtfoQx9/assets/react-18-988a5df2.js                      0.55 kB │ gzip:   0.34 kB
../../../../../../var/folders/zg/pdn0zdy10_5c9spm9v2cxhxw0000gp/T/chromatic--2652-J41XgJtfoQx9/assets/progress.stories-1beb807c.js              0.57 kB │ gzip:   0.37 kB
../../../../../../var/folders/zg/pdn0zdy10_5c9spm9v2cxhxw0000gp/T/chromatic--2652-J41XgJtfoQx9/assets/index-3fd0d1ea.js                         0.58 kB │ gzip:   0.35 kB
../../../../../../var/folders/zg/pdn0zdy10_5c9spm9v2cxhxw0000gp/T/chromatic--2652-J41XgJtfoQx9/assets/preview-73104b77.js                       0.64 kB │ gzip:   0.44 kB
../../../../../../var/folders/zg/pdn0zdy10_5c9spm9v2cxhxw0000gp/T/chromatic--2652-J41XgJtfoQx9/assets/_commonjsHelpers-de833af9.js              0.69 kB │ gzip:   0.38 kB
../../../../../../var/folders/zg/pdn0zdy10_5c9spm9v2cxhxw0000gp/T/chromatic--2652-J41XgJtfoQx9/assets/index-356e4a49.js                         0.77 kB │ gzip:   0.47 kB
../../../../../../var/folders/zg/pdn0zdy10_5c9spm9v2cxhxw0000gp/T/chromatic--2652-J41XgJtfoQx9/assets/preview-0ef86afd.js                       0.86 kB │ gzip:   0.55 kB
../../../../../../var/folders/zg/pdn0zdy10_5c9spm9v2cxhxw0000gp/T/chromatic--2652-J41XgJtfoQx9/assets/preview-aebcec2a.js                       1.04 kB │ gzip:   0.67 kB
../../../../../../var/folders/zg/pdn0zdy10_5c9spm9v2cxhxw0000gp/T/chromatic--2652-J41XgJtfoQx9/assets/entry-preview-1f5c28fc.js                 1.15 kB │ gzip:   0.67 kB
../../../../../../var/folders/zg/pdn0zdy10_5c9spm9v2cxhxw0000gp/T/chromatic--2652-J41XgJtfoQx9/assets/preview-091b263f.js                       1.19 kB │ gzip:   0.77 kB
../../../../../../var/folders/zg/pdn0zdy10_5c9spm9v2cxhxw0000gp/T/chromatic--2652-J41XgJtfoQx9/assets/label.stories-d6ae4434.js                 1.19 kB │ gzip:   0.47 kB
../../../../../../var/folders/zg/pdn0zdy10_5c9spm9v2cxhxw0000gp/T/chromatic--2652-J41XgJtfoQx9/assets/spinner.stories-d2ad2dd6.js               1.31 kB │ gzip:   0.54 kB
../../../../../../var/folders/zg/pdn0zdy10_5c9spm9v2cxhxw0000gp/T/chromatic--2652-J41XgJtfoQx9/assets/index-801bd27d.js                         1.80 kB │ gzip:   0.78 kB
../../../../../../var/folders/zg/pdn0zdy10_5c9spm9v2cxhxw0000gp/T/chromatic--2652-J41XgJtfoQx9/assets/checkbox.stories-2c357f41.js              1.83 kB │ gzip:   0.65 kB
../../../../../../var/folders/zg/pdn0zdy10_5c9spm9v2cxhxw0000gp/T/chromatic--2652-J41XgJtfoQx9/assets/breadcrumbs.stories-d49ab7ee.js           2.03 kB │ gzip:   0.80 kB
../../../../../../var/folders/zg/pdn0zdy10_5c9spm9v2cxhxw0000gp/T/chromatic--2652-J41XgJtfoQx9/assets/badge.stories-93a11ce3.js                 2.34 kB │ gzip:   0.93 kB
../../../../../../var/folders/zg/pdn0zdy10_5c9spm9v2cxhxw0000gp/T/chromatic--2652-J41XgJtfoQx9/assets/index-11d98b33.js                         2.59 kB │ gzip:   1.26 kB
../../../../../../var/folders/zg/pdn0zdy10_5c9spm9v2cxhxw0000gp/T/chromatic--2652-J41XgJtfoQx9/assets/preview-30b54f76.js                       3.21 kB │ gzip:   1.37 kB
../../../../../../var/folders/zg/pdn0zdy10_5c9spm9v2cxhxw0000gp/T/chromatic--2652-J41XgJtfoQx9/assets/checkbox-group.stories-0ca9adec.js        3.33 kB │ gzip:   1.07 kB
../../../../../../var/folders/zg/pdn0zdy10_5c9spm9v2cxhxw0000gp/T/chromatic--2652-J41XgJtfoQx9/assets/tabs.stories-a7b4e346.js                  3.60 kB │ gzip:   1.03 kB
../../../../../../var/folders/zg/pdn0zdy10_5c9spm9v2cxhxw0000gp/T/chromatic--2652-J41XgJtfoQx9/assets/avatar.stories-8052352d.js                3.62 kB │ gzip:   0.86 kB
../../../../../../var/folders/zg/pdn0zdy10_5c9spm9v2cxhxw0000gp/T/chromatic--2652-J41XgJtfoQx9/assets/preview-d01b88e8.js                       5.23 kB │ gzip:   2.39 kB
../../../../../../var/folders/zg/pdn0zdy10_5c9spm9v2cxhxw0000gp/T/chromatic--2652-J41XgJtfoQx9/assets/iframe-da035954.js                        6.67 kB │ gzip:   1.83 kB
../../../../../../var/folders/zg/pdn0zdy10_5c9spm9v2cxhxw0000gp/T/chromatic--2652-J41XgJtfoQx9/assets/index-76fb7be0.js                         7.16 kB │ gzip:   2.91 kB
../../../../../../var/folders/zg/pdn0zdy10_5c9spm9v2cxhxw0000gp/T/chromatic--2652-J41XgJtfoQx9/assets/preview-da31036b.js                       7.62 kB │ gzip:   1.56 kB
../../../../../../var/folders/zg/pdn0zdy10_5c9spm9v2cxhxw0000gp/T/chromatic--2652-J41XgJtfoQx9/assets/preview-c56bf6ac.js                       8.28 kB │ gzip:   3.16 kB
../../../../../../var/folders/zg/pdn0zdy10_5c9spm9v2cxhxw0000gp/T/chromatic--2652-J41XgJtfoQx9/assets/table.stories-a5c95d22.js                 9.22 kB │ gzip:   1.34 kB
../../../../../../var/folders/zg/pdn0zdy10_5c9spm9v2cxhxw0000gp/T/chromatic--2652-J41XgJtfoQx9/assets/Color-6VNJS4EI-3b1dc425.js               31.03 kB │ gzip:  11.64 kB
../../../../../../var/folders/zg/pdn0zdy10_5c9spm9v2cxhxw0000gp/T/chromatic--2652-J41XgJtfoQx9/assets/_getPrototype-1e53b583.js                78.40 kB │ gzip:  23.40 kB
../../../../../../var/folders/zg/pdn0zdy10_5c9spm9v2cxhxw0000gp/T/chromatic--2652-J41XgJtfoQx9/assets/table-46229dff.js                       129.55 kB │ gzip:  40.79 kB
../../../../../../var/folders/zg/pdn0zdy10_5c9spm9v2cxhxw0000gp/T/chromatic--2652-J41XgJtfoQx9/assets/index-d3ea75b5.js                       134.07 kB │ gzip:  43.20 kB
../../../../../../var/folders/zg/pdn0zdy10_5c9spm9v2cxhxw0000gp/T/chromatic--2652-J41XgJtfoQx9/assets/entry-preview-docs-c7c6facc.js          213.12 kB │ gzip:  66.22 kB
../../../../../../var/folders/zg/pdn0zdy10_5c9spm9v2cxhxw0000gp/T/chromatic--2652-J41XgJtfoQx9/assets/axe-f46072a4.js                         482.70 kB │ gzip: 127.35 kB
../../../../../../var/folders/zg/pdn0zdy10_5c9spm9v2cxhxw0000gp/T/chromatic--2652-J41XgJtfoQx9/assets/DocsRenderer-NNNQARDV-86a0e2a2.js       537.60 kB │ gzip: 175.18 kB
../../../../../../var/folders/zg/pdn0zdy10_5c9spm9v2cxhxw0000gp/T/chromatic--2652-J41XgJtfoQx9/assets/formatter-SWP5E3XI-a4cdeb20.js          601.62 kB │ gzip: 185.02 kB
✓ built in 9.92s
info => Preview built (10 s)
info => Output directory: /var/folders/zg/pdn0zdy10_5c9spm9v2cxhxw0000gp/T/chromatic--2652-J41XgJtfoQx9
